0 13.065217519041672 29261.1842259 39027.3108521
1 13.057012158952826 545537.393392 714391.499657
2 13.038687243107129 1220901.51937 1389755.58363
3 13.031826792485267 506534.738454 675388.771104
4 13.029570644476493 1181898.66268 1350752.66671
5 13.033422749242655 506534.5771 675388.557562
6 13.047235426491236 1181898.27815 1350752.24339
7 13.061800074496245 506534.399681 675388.34938
8 13.091681557710597 1181897.85614 1350751.80401
9 13.116958735252089 506534.206195 675388.146558
10 13.162909002810864 1181897.39664 1350751.34857
11 13.198898694633304 506533.996644 675387.949097
12 13.260917722585383 1181896.89966 1350750.87706
13 13.307619911880058 506533.771027 675387.756995
14 13.385707673944573 1181896.36519 1350750.3895
15 13.443122342349604 506533.529345 675387.570254
16 13.537278809915945 1181895.79323 1350749.88587
17 13.605405937516297 506533.271596 675387.388874
18 13.715631079644108 1181895.18378 1350749.36618
19 13.794470644971595 506532.997782 675387.212853
20 13.920764428390807 1181894.53685 1350748.83044
21 14.010316408424094 506532.707903 675387.042193
22 14.152678797534932 1181893.85243 1350748.27863
23 14.252943167699549 506532.401957 675386.876893
24 14.411374124572516 1181893.13053 1350747.71076
25 14.52235085874087 506532.079947 675386.716953
26 14.696850343116806 1181892.37114 1350747.12683
27 14.818539413608173 506531.74187 675386.562373
28 15.009107382898236 1181891.57426 1350746.52684
29 15.141508760478796 506531.387729 675386.413153
30 15.348145169764491 1181890.7399 1350745.91079
31 15.491258823647309 506531.017521 675386.269294
32 15.71396362568049 1181889.86805 1350745.27868
33 15.867789523525555 506530.631249 675386.130795
34 16.10656266872846 1181888.95871 1350744.63051
35 16.27110076829622 506531.588668 675387.810664
36 16.525942181122797 1181891.18466 1350747.5923
37 16.701192449068177 506531.170265 675387.682886
38 16.972102102421932 1181890.20035 1350746.91201
39 17.158064510325623 506530.735797 675387.560467
40 17.445042347640026 1181889.17856 1350746.21565
41 17.64171685694977 506530.285264 675387.443408
42 17.944762819328705 1181888.11928 1350745.50324
43 18.152149389939225 506529.818665 675387.33171
44 18.471263416157065 1181887.02252 1350744.77477
45 18.689362006410054 506529.336002 675387.225372
46 19.024544032911642 1181885.88828 1350744.03024
47 19.25335459959579 506528.837274 675387.124394
48 19.604604560496497 1181884.71654 1350743.26965
49 19.84412705884751 506528.322481 675387.028776
50 20.21144488593322 1181883.50733 1350742.493
51 20.461679269633844 506527.791623 675386.938518
52 20.845064892361 1181882.26063 1350741.70029
53 21.106011113541015 506527.244701 675386.85362
54 21.505464459036634 1181880.97644 1350740.89152
55 21.777122468272875 506526.681714 675386.774082
56 22.192643461334576 1181879.65478 1350740.06669
57 22.475013207650967 506526.102663 675386.699904
58 22.906601770746988 1181878.29562 1350739.2258
59 23.19968320161454 506525.507547 675386.631086
60 23.64733925488379 1181876.89899 1350738.36886
61 23.951132316220598 506524.896366 675386.567628
62 24.414855777472656 1181875.46487 1350737.49585
63 24.72936041364399 506524.269122 675386.50953
64 25.20915119835912 1181873.99327 1350736.60678
65 25.534367352177377 506523.625813 675386.456792
66 26.0302253735066 1181872.48418 1350735.70166
67 26.36615099206716 506507.468367 675365.745314
68 26.87806997958032 1181834.77544 1350693.45227
69 27.224704704451018 506506.792932 675365.703288
70 27.752690250995013 1181833.1914 1350692.51502
71 28.110035981368448 506506.101433 675365.666621
72 28.654087993108398 1181831.56987 1350691.56172
73 29.02214466558693 506505.393871 675365.635314
74 29.582263046358886 1181829.91086 1350690.59235
75 29.96103059599218 506504.670247 675365.609367
76 30.537215247303173 1181828.21437 1350689.60693
77 30.926693607588234 506503.930559 675365.58878
78 31.51894442861629 1181826.4804 1350688.60545
79 31.919133531497444 506503.174808 675365.573552
80 32.52745041909162 1181824.70895 1350687.58791
81 32.938350194960584 506502.402994 675365.563683
82 33.56273304364103 1181822.90002 1350686.55431
83 33.98434342133691 506501.615117 675365.559174
84 34.62479212329487 1181821.05361 1350685.50466
85 35.057113030104176 506500.811178 675365.560025
86 35.713627475202024 1181819.16972 1350684.43895
87 36.15665883685871 506499.991176 675365.566235
88 36.82923891263001 1181817.24835 1350683.35718
89 37.28218931469311 502921.871351 670595.865333
90 37.96841174054077 1173468.29478 1341142.83373
91 38.43120738092037 502921.02068 670595.880122
92 39.13337233127592 1173466.30191 1341141.71961
93 39.60679627843701 502920.154068 670595.900229
94 40.32490363443487 1173464.27185 1341140.58955
95 40.80895580830066 502919.271518 670595.925655
96 41.54300544876827 1173462.20459 1341139.44356
97 42.03768576772402 502918.373028 670595.956399
98 42.78767756918187 1173460.10015 1341138.28164
99 43.29298595007482 502917.458599 670595.992461
