2 4.92999070884
4 4.9299906311
6 4.92999055338
8 4.92999047565
10 4.92999039794
12 4.92999032022
14 4.92999024252
16 4.92999016481
18 4.92999008712
20 4.92999000942
22 4.92998993174
24 4.92998985406
26 4.92998977638
28 4.92998969871
30 4.92998962104
32 4.92998954338
34 4.92998946572
36 4.92998938807
38 4.92998931042
40 4.92998923278
42 4.92998915514
44 4.92998907751
46 4.92998899989
48 4.92998892226
50 4.92998884465
52 4.92998876704
54 4.92998868943
56 4.92998861183
58 4.92998853423
60 4.92998845664
62 4.92998837906
64 4.92998830148
66 4.9299882239
68 4.92998814633
70 4.92998806876
72 4.9299879912
74 4.92998791365
76 4.9299878361
78 4.92998775855
80 4.92998768101
82 4.92998760348
84 4.92998752595
86 4.92998744842
88 4.9299873709
90 4.92998729339
92 4.92998721588
94 4.92998713837
96 4.92998706087
98 4.92998698338
